\BOOKMARK [0][-]{chapter*.2}{\376\377\004\037\004\100\004\065\004\064\004\070\004\101\004\073\004\076\004\062\004\070\004\065}{}% 1
\BOOKMARK [0][-]{chapter*.3}{\376\377\004\022\004\062\004\065\004\064\004\065\004\075\004\070\004\065}{}% 2
\BOOKMARK [-1][-]{part.1}{\376\377\004\047\004\060\004\101\004\102\004\114\000\040\000I\000.\000\040\004\034\004\065\004\105\004\060\004\075\004\070\004\072\004\060\000\040\004\064\004\065\004\104\004\076\004\100\004\074\004\070\004\100\004\103\004\065\004\074\004\076\004\063\004\076\000\040\004\102\004\062\004\065\004\100\004\064\004\076\004\063\004\076\000\040\004\102\004\065\004\073\004\060}{}% 3
\BOOKMARK [0][-]{chapter.1}{\376\377\004\036\004\101\004\075\004\076\004\062\004\113\000\040\004\074\004\065\004\105\004\060\004\075\004\070\004\072\004\070\000\040\004\064\004\065\004\104\004\076\004\100\004\074\004\070\004\100\004\103\004\065\004\074\004\076\004\063\004\076\000\040\004\102\004\062\004\065\004\100\004\064\004\076\004\063\004\076\000\040\004\102\004\065\004\073\004\060}{part.1}% 4
\BOOKMARK [1][-]{section.1.1}{\376\377\004\034\004\065\004\105\004\060\004\075\004\070\004\072\004\060\000\040\004\101\004\077\004\073\004\076\004\110\004\075\004\076\004\071\000\040\004\101\004\100\004\065\004\064\004\113}{chapter.1}% 5
\BOOKMARK [1][-]{section.1.2}{\376\377\004\024\004\065\004\104\004\076\004\100\004\074\004\060\004\106\004\070\004\117}{chapter.1}% 6
\BOOKMARK [1][-]{section.1.3}{\376\377\004\042\004\065\004\075\004\067\004\076\004\100\004\075\004\113\004\071\000\040\004\060\004\075\004\060\004\073\004\070\004\067}{chapter.1}% 7
\BOOKMARK [1][-]{section.1.4}{\376\377\004\036\004\101\004\075\004\076\004\062\004\075\004\113\004\065\000\040\004\077\004\060\004\100\004\060\004\074\004\065\004\102\004\100\004\113}{chapter.1}% 8
\BOOKMARK [0][-]{chapter.2}{\376\377\004\027\004\060\004\064\004\060\004\107\004\060\000\040\004\073\004\070\004\075\004\065\004\071\004\075\004\076\004\071\000\040\004\103\004\077\004\100\004\103\004\063\004\076\004\101\004\102\004\070}{part.1}% 9
\BOOKMARK [1][-]{section.2.1}{\376\377\004\036\004\101\004\075\004\076\004\062\004\075\004\076\004\065\000\040\004\103\004\100\004\060\004\062\004\075\004\065\004\075\004\070\004\065}{chapter.2}% 10
\BOOKMARK [1][-]{section.2.2}{\376\377\004\027\004\060\004\072\004\076\004\075\000\040\004\023\004\103\004\072\004\060}{chapter.2}% 11
\BOOKMARK [1][-]{section.2.3}{\376\377\004\023\004\100\004\060\004\075\004\070\004\107\004\075\004\113\004\065\000\040\004\103\004\101\004\073\004\076\004\062\004\070\004\117}{chapter.2}% 12
\BOOKMARK [1][-]{section.2.4}{\376\377\004\020\004\075\004\070\004\067\004\076\004\102\004\100\004\076\004\077\004\075\004\076\004\065\000\040\004\102\004\065\004\073\004\076}{chapter.2}% 13
\BOOKMARK [-1][-]{part.2}{\376\377\004\047\004\060\004\101\004\102\004\114\000\040\000I\000I\000.\000\040\004\022\004\113\004\107\004\070\004\101\004\073\004\070\004\102\004\065\004\073\004\114\004\075\004\060\004\117\000\040\004\077\004\073\004\060\004\102\004\104\004\076\004\100\004\074\004\060\000\040\000A\000n\000i\000f\000e\000m\000+\000+}{}% 14
\BOOKMARK [0][-]{chapter.3}{\376\377\004\036\004\077\004\070\004\101\004\060\004\075\004\070\004\065\000\040\000A\000n\000i\000F\000e\000m\000+\000+}{part.2}% 15
\BOOKMARK [1][-]{section.3.1}{\376\377\004\032\004\062\004\060\004\064\004\100\004\060\004\102\004\103\004\100\004\075\004\113\004\065\000\040\004\104\004\076\004\100\004\074\004\103\004\073\004\113}{chapter.3}% 16
\BOOKMARK [1][-]{section.3.2}{\376\377\004\032\004\076\004\075\004\065\004\107\004\075\004\113\004\065\000\040\004\115\004\073\004\065\004\074\004\065\004\075\004\102\004\113}{chapter.3}% 17
\BOOKMARK [0][-]{chapter.4}{\376\377\004\037\004\076\004\101\004\102\004\100\004\076\004\065\004\075\004\070\004\065\000\040\004\070\000\040\004\063\004\065\004\075\004\065\004\100\004\060\004\106\004\070\004\117\000\040\004\101\004\065\004\102\004\076\004\072}{part.2}% 18
\BOOKMARK [1][-]{section.4.1}{\376\377\004\037\004\100\004\076\004\063\004\100\004\060\004\074\004\074\004\060\000\040\000G\000m\000s\000h}{chapter.4}% 19
\BOOKMARK [1][-]{section.4.2}{\376\377\004\037\004\100\004\076\004\106\004\065\004\101\004\101\000\040\004\101\004\076\004\067\004\064\004\060\004\075\004\070\004\117\000\040\004\063\004\065\004\076\004\074\004\065\004\102\004\100\004\070\004\070}{chapter.4}% 20
\BOOKMARK [1][-]{section.4.3}{\376\377\004\041\004\076\004\067\004\064\004\060\004\075\004\070\004\065\000\040\004\101\004\065\004\102\004\072\004\070}{chapter.4}% 21
\BOOKMARK [1][-]{section.4.4}{\376\377\004\024\004\100\004\103\004\063\004\070\004\065\000\040\004\062\004\076\004\067\004\074\004\076\004\066\004\075\004\076\004\101\004\102\004\070\000\040\000G\000m\000s\000h}{chapter.4}% 22
\BOOKMARK [-1][-]{part.3}{\376\377\004\047\004\060\004\101\004\102\004\114\000\040\000I\000I\000I\000.\000\040\004\037\004\100\004\070\004\072\004\073\004\060\004\064\004\075\004\113\004\065\000\040\004\067\004\060\004\064\004\060\004\107\004\070}{}% 23
\BOOKMARK [0][-]{chapter.5}{\376\377\004\042\004\100\004\065\004\105\004\102\004\076\004\107\004\065\004\107\004\075\004\113\004\071\000\040\004\070\004\067\004\063\004\070\004\061\000\040\004\066\004\065\004\073\004\065\004\067\004\076\004\061\004\065\004\102\004\076\004\075\004\075\004\076\004\063\004\076\000\040\004\061\004\073\004\076\004\072\004\060}{part.3}% 24
\BOOKMARK [1][-]{section.5.1}{\376\377\004\037\004\076\004\101\004\102\004\060\004\075\004\076\004\062\004\072\004\060\000\040\004\067\004\060\004\064\004\060\004\107\004\070}{chapter.5}% 25
\BOOKMARK [1][-]{section.5.2}{\376\377\004\034\004\060\004\102\004\065\004\074\004\060\004\102\004\070\004\107\004\065\004\101\004\072\004\060\004\117\000\040\004\074\004\076\004\064\004\065\004\073\004\114}{chapter.5}% 26
\BOOKMARK [1][-]{section.5.3}{\376\377\004\036\004\061\004\112\004\065\004\072\004\102\000\040\004\070\004\101\004\101\004\073\004\065\004\064\004\076\004\062\004\060\004\075\004\070\004\117}{chapter.5}% 27
\BOOKMARK [1][-]{section.5.4}{\376\377\004\030\004\101\004\101\004\073\004\065\004\064\004\076\004\062\004\060\004\075\004\070\004\065\000\040\004\101\004\070\004\075\004\063\004\103\004\073\004\117\004\100\004\075\004\076\004\101\004\102\004\065\004\071\000\040\004\100\004\065\004\110\004\065\004\075\004\070\004\071}{chapter.5}% 28
\BOOKMARK [1][-]{section.5.5}{\376\377\004\047\004\070\004\101\004\073\004\065\004\075\004\075\004\076\004\065\000\040\004\103\004\101\004\100\004\065\004\064\004\075\004\065\004\075\004\070\004\065\000\040\004\103\004\077\004\100\004\103\004\063\004\070\004\105\000\040\004\077\004\060\004\100\004\060\004\074\004\065\004\102\004\100\004\076\004\062}{chapter.5}% 29
\BOOKMARK [1][-]{section.5.6}{\376\377\004\035\004\060\004\077\004\100\004\117\004\066\004\065\004\075\004\075\004\076\000-\004\064\004\065\004\104\004\076\004\100\004\074\004\070\004\100\004\076\004\062\004\060\004\075\004\075\004\076\004\065\000\040\004\101\004\076\004\101\004\102\004\076\004\117\004\075\004\070\004\065\000\040\004\066\004\065\004\073\004\065\004\067\004\076\004\061\004\065\004\102\004\076\004\075\004\075\004\076\004\063\004\076\000\040\004\061\004\073\004\076\004\072\004\060}{chapter.5}% 30
\BOOKMARK [0][-]{chapter.6}{\376\377\004\040\004\060\004\101\004\107\004\065\004\102\000\040\004\064\004\065\004\104\004\076\004\100\004\074\004\060\004\106\004\070\004\070\000\040\004\064\004\065\004\100\004\065\004\062\004\117\004\075\004\075\004\076\004\071\000\040\004\064\004\076\004\101\004\072\004\070}{part.3}% 31
\BOOKMARK [1][-]{section.6.1}{\376\377\004\037\004\076\004\101\004\102\004\060\004\075\004\076\004\062\004\072\004\060\000\040\004\067\004\060\004\064\004\060\004\107\004\070}{chapter.6}% 32
\BOOKMARK [1][-]{section.6.2}{\376\377\004\034\004\060\004\102\004\065\004\074\004\060\004\102\004\070\004\107\004\065\004\101\004\072\004\060\004\117\000\040\004\074\004\076\004\064\004\065\004\073\004\114\000\040\004\064\004\100\004\065\004\062\004\065\004\101\004\070\004\075\004\113}{chapter.6}% 33
\BOOKMARK [1][-]{section.6.3}{\376\377\004\036\004\061\004\112\004\065\004\072\004\102\000\040\004\070\004\101\004\101\004\073\004\065\004\064\004\076\004\062\004\060\004\075\004\070\004\117}{chapter.6}% 34
\BOOKMARK [1][-]{section.6.4}{\376\377\004\047\004\070\004\101\004\073\004\065\004\075\004\075\004\076\004\065\000\040\004\100\004\065\004\110\004\065\004\075\004\070\004\065}{chapter.6}% 35
\BOOKMARK [0][-]{chapter.7}{\376\377\004\042\004\065\004\077\004\073\004\076\004\062\004\076\004\065\000\040\004\100\004\060\004\101\004\110\004\070\004\100\004\065\004\075\004\070\004\065\000\040\004\072\004\065\004\100\004\060\004\074\004\070\004\107\004\065\004\101\004\072\004\076\004\071\000\040\004\077\004\076\004\064\004\073\004\076\004\066\004\072\004\070}{part.3}% 36
\BOOKMARK [1][-]{section.7.1}{\376\377\004\037\004\076\004\101\004\102\004\060\004\075\004\076\004\062\004\072\004\060\000\040\004\067\004\060\004\064\004\060\004\107\004\070}{chapter.7}% 37
\BOOKMARK [1][-]{section.7.2}{\376\377\004\022\004\113\004\107\004\070\004\101\004\073\004\070\004\102\004\065\004\073\004\114\004\075\004\113\004\071\000\040\004\060\004\073\004\063\004\076\004\100\004\070\004\102\004\074}{chapter.7}% 38
\BOOKMARK [1][-]{section.7.3}{\376\377\004\036\004\061\004\112\004\065\004\072\004\102\000\040\004\070\004\101\004\101\004\073\004\065\004\064\004\076\004\062\004\060\004\075\004\070\004\117}{chapter.7}% 39
\BOOKMARK [1][-]{section.7.4}{\376\377\004\047\004\070\004\101\004\073\004\065\004\075\004\075\004\076\004\065\000\040\004\070\004\101\004\101\004\073\004\065\004\064\004\076\004\062\004\060\004\075\004\070\004\065\000\040\004\062\004\070\004\064\004\060\000\040\004\102\004\065\004\105\004\075\004\076\004\073\004\076\004\063\004\070\004\107\004\065\004\101\004\072\004\070\004\105\000\040\004\076\004\102\004\062\004\065\004\100\004\101\004\102\004\070\004\071}{chapter.7}% 40
\BOOKMARK [0][-]{chapter*.39}{\376\377\004\041\004\077\004\070\004\101\004\076\004\072\000\040\004\073\004\070\004\102\004\065\004\100\004\060\004\102\004\103\004\100\004\113}{part.3}% 41
